[2018-04-12T15:03:52,917][WARN ][o.e.d.a.a.i.t.p.PutIndexTemplateRequest] Deprecated field [template] used, replaced by [index_patterns]
[2018-04-12T15:03:53,022][WARN ][o.e.d.i.m.MapperService  ] [_default_] mapping is deprecated since it is not useful anymore now that indexes cannot have more than one type
[2018-04-12T15:04:16,571][WARN ][o.e.d.i.m.MapperService  ] [_default_] mapping is deprecated since it is not useful anymore now that indexes cannot have more than one type
[2018-04-12T15:16:31,041][WARN ][o.e.d.i.m.UidFieldMapper ] Fielddata access on the _uid field is deprecated, use _id instead
[2018-04-12T15:16:46,857][WARN ][o.e.d.i.m.UidFieldMapper ] Fielddata access on the _uid field is deprecated, use _id instead
[2018-04-12T15:16:50,798][WARN ][o.e.d.a.a.i.t.p.PutIndexTemplateRequest] Deprecated field [template] used, replaced by [index_patterns]
[2018-04-12T15:16:52,066][WARN ][o.e.d.i.m.UidFieldMapper ] Fielddata access on the _uid field is deprecated, use _id instead
[2018-04-12T15:16:52,079][WARN ][o.e.d.a.a.i.t.p.PutIndexTemplateRequest] Deprecated field [template] used, replaced by [index_patterns]
[2018-04-12T15:16:52,117][WARN ][o.e.d.a.a.i.t.p.PutIndexTemplateRequest] Deprecated field [template] used, replaced by [index_patterns]
[2018-04-12T15:16:52,145][WARN ][o.e.d.a.a.i.t.p.PutIndexTemplateRequest] Deprecated field [template] used, replaced by [index_patterns]
[2018-04-12T15:16:52,978][WARN ][o.e.d.a.a.i.t.p.PutIndexTemplateRequest] Deprecated field [template] used, replaced by [index_patterns]
[2018-04-12T15:18:08,999][WARN ][o.e.d.c.ParseField       ] Deprecated field [all_fields] used, replaced by [Set [fields] to `*` instead]
[2018-04-12T15:18:09,021][WARN ][o.e.d.c.ParseField       ] Deprecated field [all_fields] used, replaced by [Set [fields] to `*` instead]
[2018-04-12T15:18:09,030][WARN ][o.e.d.c.ParseField       ] Deprecated field [inline] used, expected [source] instead
[2018-04-12T15:18:09,031][WARN ][o.e.d.c.ParseField       ] Deprecated field [inline] used, expected [source] instead
[2018-04-12T15:29:00,371][WARN ][o.e.d.c.ParseField       ] Deprecated field [all_fields] used, replaced by [Set [fields] to `*` instead]
[2018-04-12T15:29:00,384][WARN ][o.e.d.c.ParseField       ] Deprecated field [inline] used, expected [source] instead
[2018-04-12T15:29:00,425][WARN ][o.e.d.c.ParseField       ] Deprecated field [all_fields] used, replaced by [Set [fields] to `*` instead]
[2018-04-12T15:29:00,431][WARN ][o.e.d.c.ParseField       ] Deprecated field [inline] used, expected [source] instead
[2018-04-12T15:34:22,510][WARN ][o.e.d.c.ParseField       ] Deprecated field [all_fields] used, replaced by [Set [fields] to `*` instead]
[2018-04-12T15:34:22,519][WARN ][o.e.d.c.ParseField       ] Deprecated field [inline] used, expected [source] instead
[2018-04-12T15:34:22,551][WARN ][o.e.d.c.ParseField       ] Deprecated field [all_fields] used, replaced by [Set [fields] to `*` instead]
[2018-04-12T15:34:22,557][WARN ][o.e.d.c.ParseField       ] Deprecated field [inline] used, expected [source] instead
[2018-04-12T17:06:50,314][WARN ][o.e.d.c.ParseField       ] Deprecated field [all_fields] used, replaced by [Set [fields] to `*` instead]
[2018-04-12T17:06:50,326][WARN ][o.e.d.c.ParseField       ] Deprecated field [inline] used, expected [source] instead
[2018-04-12T17:06:50,329][WARN ][o.e.d.c.ParseField       ] Deprecated field [all_fields] used, replaced by [Set [fields] to `*` instead]
[2018-04-12T17:06:50,353][WARN ][o.e.d.c.ParseField       ] Deprecated field [inline] used, expected [source] instead
[2018-04-12T17:07:08,109][WARN ][o.e.d.c.ParseField       ] Deprecated field [all_fields] used, replaced by [Set [fields] to `*` instead]
[2018-04-12T17:07:08,115][WARN ][o.e.d.c.ParseField       ] Deprecated field [inline] used, expected [source] instead
[2018-04-12T17:07:08,144][WARN ][o.e.d.c.ParseField       ] Deprecated field [all_fields] used, replaced by [Set [fields] to `*` instead]
[2018-04-12T17:07:08,148][WARN ][o.e.d.c.ParseField       ] Deprecated field [inline] used, expected [source] instead
[2018-04-12T18:04:20,714][WARN ][o.e.d.c.ParseField       ] Deprecated field [all_fields] used, replaced by [Set [fields] to `*` instead]
[2018-04-12T18:04:20,724][WARN ][o.e.d.c.ParseField       ] Deprecated field [all_fields] used, replaced by [Set [fields] to `*` instead]
[2018-04-12T18:04:20,748][WARN ][o.e.d.c.ParseField       ] Deprecated field [inline] used, expected [source] instead
[2018-04-12T18:04:20,748][WARN ][o.e.d.c.ParseField       ] Deprecated field [inline] used, expected [source] instead
[2018-04-12T18:04:45,038][WARN ][o.e.d.a.a.i.t.p.PutIndexTemplateRequest] Deprecated field [template] used, replaced by [index_patterns]
[2018-04-12T18:04:48,047][WARN ][o.e.d.a.a.i.t.p.PutIndexTemplateRequest] Deprecated field [template] used, replaced by [index_patterns]
[2018-04-12T18:21:49,793][WARN ][o.e.d.c.ParseField       ] Deprecated field [all_fields] used, replaced by [Set [fields] to `*` instead]
[2018-04-12T18:21:49,832][WARN ][o.e.d.c.ParseField       ] Deprecated field [all_fields] used, replaced by [Set [fields] to `*` instead]
[2018-04-12T18:21:49,846][WARN ][o.e.d.c.ParseField       ] Deprecated field [inline] used, expected [source] instead
[2018-04-12T18:21:49,846][WARN ][o.e.d.c.ParseField       ] Deprecated field [inline] used, expected [source] instead
[2018-04-12T21:38:48,424][WARN ][o.e.d.c.ParseField       ] Deprecated field [all_fields] used, replaced by [Set [fields] to `*` instead]
[2018-04-12T21:38:48,445][WARN ][o.e.d.c.ParseField       ] Deprecated field [all_fields] used, replaced by [Set [fields] to `*` instead]
[2018-04-12T21:38:48,453][WARN ][o.e.d.c.ParseField       ] Deprecated field [inline] used, expected [source] instead
[2018-04-12T21:38:48,453][WARN ][o.e.d.c.ParseField       ] Deprecated field [inline] used, expected [source] instead
[2018-04-12T22:13:37,411][WARN ][o.e.d.c.ParseField       ] Deprecated field [all_fields] used, replaced by [Set [fields] to `*` instead]
[2018-04-12T22:13:37,418][WARN ][o.e.d.c.ParseField       ] Deprecated field [inline] used, expected [source] instead
[2018-04-12T22:13:37,430][WARN ][o.e.d.c.ParseField       ] Deprecated field [all_fields] used, replaced by [Set [fields] to `*` instead]
[2018-04-12T22:13:37,448][WARN ][o.e.d.c.ParseField       ] Deprecated field [inline] used, expected [source] instead
[2018-04-12T22:16:17,213][WARN ][o.e.d.c.ParseField       ] Deprecated field [all_fields] used, replaced by [Set [fields] to `*` instead]
[2018-04-12T22:16:17,221][WARN ][o.e.d.c.ParseField       ] Deprecated field [inline] used, expected [source] instead
[2018-04-12T22:16:17,253][WARN ][o.e.d.c.ParseField       ] Deprecated field [all_fields] used, replaced by [Set [fields] to `*` instead]
[2018-04-12T22:16:17,259][WARN ][o.e.d.c.ParseField       ] Deprecated field [inline] used, expected [source] instead
[2018-04-12T22:17:13,467][WARN ][o.e.d.c.ParseField       ] Deprecated field [all_fields] used, replaced by [Set [fields] to `*` instead]
[2018-04-12T22:17:13,473][WARN ][o.e.d.c.ParseField       ] Deprecated field [inline] used, expected [source] instead
[2018-04-12T22:17:13,503][WARN ][o.e.d.c.ParseField       ] Deprecated field [all_fields] used, replaced by [Set [fields] to `*` instead]
[2018-04-12T22:17:13,507][WARN ][o.e.d.c.ParseField       ] Deprecated field [inline] used, expected [source] instead
[2018-04-12T22:55:39,089][WARN ][o.e.d.c.ParseField       ] Deprecated field [all_fields] used, replaced by [Set [fields] to `*` instead]
[2018-04-12T22:55:39,100][WARN ][o.e.d.c.ParseField       ] Deprecated field [inline] used, expected [source] instead
[2018-04-12T22:55:39,114][WARN ][o.e.d.c.ParseField       ] Deprecated field [all_fields] used, replaced by [Set [fields] to `*` instead]
[2018-04-12T22:55:39,136][WARN ][o.e.d.c.ParseField       ] Deprecated field [inline] used, expected [source] instead
[2018-04-12T22:58:09,443][WARN ][o.e.d.c.ParseField       ] Deprecated field [all_fields] used, replaced by [Set [fields] to `*` instead]
[2018-04-12T22:58:09,450][WARN ][o.e.d.c.ParseField       ] Deprecated field [inline] used, expected [source] instead
[2018-04-12T22:58:09,479][WARN ][o.e.d.c.ParseField       ] Deprecated field [all_fields] used, replaced by [Set [fields] to `*` instead]
[2018-04-12T22:58:09,482][WARN ][o.e.d.c.ParseField       ] Deprecated field [inline] used, expected [source] instead
[2018-04-12T22:58:35,200][WARN ][o.e.d.c.ParseField       ] Deprecated field [all_fields] used, replaced by [Set [fields] to `*` instead]
[2018-04-12T22:58:35,204][WARN ][o.e.d.c.ParseField       ] Deprecated field [inline] used, expected [source] instead
[2018-04-12T22:58:35,237][WARN ][o.e.d.c.ParseField       ] Deprecated field [all_fields] used, replaced by [Set [fields] to `*` instead]
[2018-04-12T22:58:35,240][WARN ][o.e.d.c.ParseField       ] Deprecated field [inline] used, expected [source] instead
[2018-04-12T23:04:41,920][WARN ][o.e.d.c.ParseField       ] Deprecated field [all_fields] used, replaced by [Set [fields] to `*` instead]
[2018-04-12T23:04:41,930][WARN ][o.e.d.c.ParseField       ] Deprecated field [inline] used, expected [source] instead
[2018-04-12T23:04:41,976][WARN ][o.e.d.c.ParseField       ] Deprecated field [all_fields] used, replaced by [Set [fields] to `*` instead]
[2018-04-12T23:04:41,980][WARN ][o.e.d.c.ParseField       ] Deprecated field [inline] used, expected [source] instead
