[2018-04-15T15:50:53,509][INFO ][o.e.n.Node               ] [] initializing ...
[2018-04-15T15:50:53,584][INFO ][o.e.e.NodeEnvironment    ] [zVEhyW1] using [1] data paths, mounts [[/ (/dev/disk1)]], net usable_space [104.8gb], net total_space [232.6gb], types [hfs]
[2018-04-15T15:50:53,584][INFO ][o.e.e.NodeEnvironment    ] [zVEhyW1] heap size [989.8mb], compressed ordinary object pointers [true]
[2018-04-15T15:50:53,695][INFO ][o.e.n.Node               ] node name [zVEhyW1] derived from node ID [zVEhyW1oRbOBEzrlT6he4A]; set [node.name] to override
[2018-04-15T15:50:53,695][INFO ][o.e.n.Node               ] version[6.2.3], pid[22313], build[c59ff00/2018-03-13T10:06:29.741383Z], OS[Mac OS X/10.12.6/x86_64], JVM[Oracle Corporation/Java HotSpot(TM) 64-Bit Server VM/1.8.0_101/25.101-b13]
[2018-04-15T15:50:53,696][INFO ][o.e.n.Node               ] JVM arguments [-Xms1g, -Xmx1g, -XX:+UseConcMarkSweepGC, -XX:CMSInitiatingOccupancyFraction=75, -XX:+UseCMSInitiatingOccupancyOnly, -XX:+AlwaysPreTouch, -Xss1m, -Djava.awt.headless=true, -Dfile.encoding=UTF-8, -Djna.nosys=true, -XX:-OmitStackTraceInFastThrow, -Dio.netty.noUnsafe=true, -Dio.netty.noKeySetOptimization=true, -Dio.netty.recycler.maxCapacityPerThread=0, -Dlog4j.shutdownHookEnabled=false, -Dlog4j2.disable.jmx=true, -Djava.io.tmpdir=/var/folders/4k/nbxcfp6n19scrsv83b2bp94hk_ngnj/T/elasticsearch.WC62IZsl, -XX:+HeapDumpOnOutOfMemoryError, -XX:+PrintGCDetails, -XX:+PrintGCDateStamps, -XX:+PrintTenuringDistribution, -XX:+PrintGCApplicationStoppedTime, -Xloggc:logs/gc.log, -XX:+UseGCLogFileRotation, -XX:NumberOfGCLogFiles=32, -XX:GCLogFileSize=64m, -Des.path.home=/Users/ac044474/workspace/elasticsearch-6.2.3, -Des.path.conf=/Users/ac044474/workspace/elasticsearch-6.2.3/config]
[2018-04-15T15:50:56,085][INFO ][o.e.p.PluginsService     ] [zVEhyW1] loaded module [aggs-matrix-stats]
[2018-04-15T15:50:56,086][INFO ][o.e.p.PluginsService     ] [zVEhyW1] loaded module [analysis-common]
[2018-04-15T15:50:56,086][INFO ][o.e.p.PluginsService     ] [zVEhyW1] loaded module [ingest-common]
[2018-04-15T15:50:56,086][INFO ][o.e.p.PluginsService     ] [zVEhyW1] loaded module [lang-expression]
[2018-04-15T15:50:56,086][INFO ][o.e.p.PluginsService     ] [zVEhyW1] loaded module [lang-mustache]
[2018-04-15T15:50:56,086][INFO ][o.e.p.PluginsService     ] [zVEhyW1] loaded module [lang-painless]
[2018-04-15T15:50:56,086][INFO ][o.e.p.PluginsService     ] [zVEhyW1] loaded module [mapper-extras]
[2018-04-15T15:50:56,086][INFO ][o.e.p.PluginsService     ] [zVEhyW1] loaded module [parent-join]
[2018-04-15T15:50:56,086][INFO ][o.e.p.PluginsService     ] [zVEhyW1] loaded module [percolator]
[2018-04-15T15:50:56,086][INFO ][o.e.p.PluginsService     ] [zVEhyW1] loaded module [rank-eval]
[2018-04-15T15:50:56,087][INFO ][o.e.p.PluginsService     ] [zVEhyW1] loaded module [reindex]
[2018-04-15T15:50:56,087][INFO ][o.e.p.PluginsService     ] [zVEhyW1] loaded module [repository-url]
[2018-04-15T15:50:56,087][INFO ][o.e.p.PluginsService     ] [zVEhyW1] loaded module [transport-netty4]
[2018-04-15T15:50:56,087][INFO ][o.e.p.PluginsService     ] [zVEhyW1] loaded module [tribe]
[2018-04-15T15:50:56,087][INFO ][o.e.p.PluginsService     ] [zVEhyW1] loaded plugin [x-pack-core]
[2018-04-15T15:50:56,087][INFO ][o.e.p.PluginsService     ] [zVEhyW1] loaded plugin [x-pack-deprecation]
[2018-04-15T15:50:56,088][INFO ][o.e.p.PluginsService     ] [zVEhyW1] loaded plugin [x-pack-graph]
[2018-04-15T15:50:56,088][INFO ][o.e.p.PluginsService     ] [zVEhyW1] loaded plugin [x-pack-logstash]
[2018-04-15T15:50:56,088][INFO ][o.e.p.PluginsService     ] [zVEhyW1] loaded plugin [x-pack-ml]
[2018-04-15T15:50:56,088][INFO ][o.e.p.PluginsService     ] [zVEhyW1] loaded plugin [x-pack-monitoring]
[2018-04-15T15:50:56,088][INFO ][o.e.p.PluginsService     ] [zVEhyW1] loaded plugin [x-pack-security]
[2018-04-15T15:50:56,088][INFO ][o.e.p.PluginsService     ] [zVEhyW1] loaded plugin [x-pack-upgrade]
[2018-04-15T15:50:56,088][INFO ][o.e.p.PluginsService     ] [zVEhyW1] loaded plugin [x-pack-watcher]
[2018-04-15T15:50:58,031][INFO ][o.e.x.m.j.p.l.CppLogMessageHandler] [controller/22331] [Main.cc@128] controller (64 bit): Version 6.2.3 (Build e43a9a2b267ef4) Copyright (c) 2018 Elasticsearch BV
[2018-04-15T15:50:58,959][DEBUG][o.e.a.ActionModule       ] Using REST wrapper from plugin org.elasticsearch.xpack.security.Security
[2018-04-15T15:50:59,459][INFO ][o.e.d.DiscoveryModule    ] [zVEhyW1] using discovery type [zen]
[2018-04-15T15:51:00,058][INFO ][o.e.n.Node               ] initialized
[2018-04-15T15:51:00,058][INFO ][o.e.n.Node               ] [zVEhyW1] starting ...
[2018-04-15T15:51:00,206][INFO ][o.e.t.TransportService   ] [zVEhyW1] publish_address {127.0.0.1:9300}, bound_addresses {[::1]:9300}, {127.0.0.1:9300}
[2018-04-15T15:51:03,284][INFO ][o.e.c.s.MasterService    ] [zVEhyW1] zen-disco-elected-as-master ([0] nodes joined), reason: new_master {zVEhyW1}{zVEhyW1oRbOBEzrlT6he4A}{eXQUWsjYSPqz5pQ0qW_pGQ}{127.0.0.1}{127.0.0.1:9300}{ml.machine_memory=17179869184, ml.max_open_jobs=20, ml.enabled=true}
[2018-04-15T15:51:03,288][INFO ][o.e.c.s.ClusterApplierService] [zVEhyW1] new_master {zVEhyW1}{zVEhyW1oRbOBEzrlT6he4A}{eXQUWsjYSPqz5pQ0qW_pGQ}{127.0.0.1}{127.0.0.1:9300}{ml.machine_memory=17179869184, ml.max_open_jobs=20, ml.enabled=true}, reason: apply cluster state (from master [master {zVEhyW1}{zVEhyW1oRbOBEzrlT6he4A}{eXQUWsjYSPqz5pQ0qW_pGQ}{127.0.0.1}{127.0.0.1:9300}{ml.machine_memory=17179869184, ml.max_open_jobs=20, ml.enabled=true} committed version [1] source [zen-disco-elected-as-master ([0] nodes joined)]])
[2018-04-15T15:51:03,306][INFO ][o.e.x.s.t.n.SecurityNetty4HttpServerTransport] [zVEhyW1] publish_address {127.0.0.1:9200}, bound_addresses {[::1]:9200}, {127.0.0.1:9200}
[2018-04-15T15:51:03,307][INFO ][o.e.n.Node               ] [zVEhyW1] started
[2018-04-15T15:51:04,129][INFO ][o.e.l.LicenseService     ] [zVEhyW1] license [92a7fc92-5e30-4bbe-9e43-299bfe91ef9b] mode [trial] - valid
[2018-04-15T15:51:04,138][INFO ][o.e.g.GatewayService     ] [zVEhyW1] recovered [20] indices into cluster_state
[2018-04-15T15:51:06,795][INFO ][o.e.c.r.a.AllocationService] [zVEhyW1] Cluster health status changed from [RED] to [YELLOW] (reason: [shards started [[.kibana][0]] ...]).
[2018-04-15T15:51:10,379][INFO ][o.e.c.m.MetaDataCreateIndexService] [zVEhyW1] [.monitoring-es-6-2018.04.15] creating index, cause [auto(bulk api)], templates [.monitoring-es], shards [1]/[0], mappings [doc]
[2018-04-15T15:52:05,307][INFO ][o.e.c.m.MetaDataCreateIndexService] [zVEhyW1] [.watcher-history-7-2018.04.15] creating index, cause [auto(bulk api)], templates [.watch-history-7], shards [1]/[0], mappings [doc]
[2018-04-15T15:52:05,512][INFO ][o.e.c.m.MetaDataMappingService] [zVEhyW1] [.watcher-history-7-2018.04.15/EBs3ZKg4Sk6937-WWLIaDw] update_mapping [doc]
[2018-04-15T15:52:05,766][INFO ][o.e.c.m.MetaDataMappingService] [zVEhyW1] [.watcher-history-7-2018.04.15/EBs3ZKg4Sk6937-WWLIaDw] update_mapping [doc]
[2018-04-15T15:52:27,204][INFO ][o.e.c.m.MetaDataCreateIndexService] [zVEhyW1] [.monitoring-kibana-6-2018.04.15] creating index, cause [auto(bulk api)], templates [.monitoring-kibana], shards [1]/[0], mappings [doc]
[2018-04-15T15:56:32,212][INFO ][o.e.x.m.j.p.NativeController] Native controller process has stopped - no new native processes can be started
[2018-04-15T15:56:32,213][INFO ][o.e.n.Node               ] [zVEhyW1] stopping ...
[2018-04-15T15:56:32,225][INFO ][o.e.x.w.WatcherService   ] [zVEhyW1] stopping watch service, reason [shutdown initiated]
[2018-04-15T15:56:32,490][INFO ][o.e.n.Node               ] [zVEhyW1] stopped
[2018-04-15T15:56:32,491][INFO ][o.e.n.Node               ] [zVEhyW1] closing ...
[2018-04-15T15:56:32,503][INFO ][o.e.n.Node               ] [zVEhyW1] closed
[2018-04-15T17:32:17,585][INFO ][o.e.n.Node               ] [] initializing ...
[2018-04-15T17:32:17,641][INFO ][o.e.e.NodeEnvironment    ] [zVEhyW1] using [1] data paths, mounts [[/ (/dev/disk1)]], net usable_space [105gb], net total_space [232.6gb], types [hfs]
[2018-04-15T17:32:17,641][INFO ][o.e.e.NodeEnvironment    ] [zVEhyW1] heap size [989.8mb], compressed ordinary object pointers [true]
[2018-04-15T17:32:17,749][INFO ][o.e.n.Node               ] node name [zVEhyW1] derived from node ID [zVEhyW1oRbOBEzrlT6he4A]; set [node.name] to override
[2018-04-15T17:32:17,749][INFO ][o.e.n.Node               ] version[6.2.3], pid[24006], build[c59ff00/2018-03-13T10:06:29.741383Z], OS[Mac OS X/10.12.6/x86_64], JVM[Oracle Corporation/Java HotSpot(TM) 64-Bit Server VM/1.8.0_101/25.101-b13]
[2018-04-15T17:32:17,750][INFO ][o.e.n.Node               ] JVM arguments [-Xms1g, -Xmx1g, -XX:+UseConcMarkSweepGC, -XX:CMSInitiatingOccupancyFraction=75, -XX:+UseCMSInitiatingOccupancyOnly, -XX:+AlwaysPreTouch, -Xss1m, -Djava.awt.headless=true, -Dfile.encoding=UTF-8, -Djna.nosys=true, -XX:-OmitStackTraceInFastThrow, -Dio.netty.noUnsafe=true, -Dio.netty.noKeySetOptimization=true, -Dio.netty.recycler.maxCapacityPerThread=0, -Dlog4j.shutdownHookEnabled=false, -Dlog4j2.disable.jmx=true, -Djava.io.tmpdir=/var/folders/4k/nbxcfp6n19scrsv83b2bp94hk_ngnj/T/elasticsearch.nstURKTd, -XX:+HeapDumpOnOutOfMemoryError, -XX:+PrintGCDetails, -XX:+PrintGCDateStamps, -XX:+PrintTenuringDistribution, -XX:+PrintGCApplicationStoppedTime, -Xloggc:logs/gc.log, -XX:+UseGCLogFileRotation, -XX:NumberOfGCLogFiles=32, -XX:GCLogFileSize=64m, -Des.path.home=/Users/ac044474/workspace/src/elasticsearch-6.2.3, -Des.path.conf=/Users/ac044474/workspace/src/elasticsearch-6.2.3/config]
[2018-04-15T17:32:19,895][INFO ][o.e.p.PluginsService     ] [zVEhyW1] loaded module [aggs-matrix-stats]
[2018-04-15T17:32:19,895][INFO ][o.e.p.PluginsService     ] [zVEhyW1] loaded module [analysis-common]
[2018-04-15T17:32:19,895][INFO ][o.e.p.PluginsService     ] [zVEhyW1] loaded module [ingest-common]
[2018-04-15T17:32:19,895][INFO ][o.e.p.PluginsService     ] [zVEhyW1] loaded module [lang-expression]
[2018-04-15T17:32:19,895][INFO ][o.e.p.PluginsService     ] [zVEhyW1] loaded module [lang-mustache]
[2018-04-15T17:32:19,895][INFO ][o.e.p.PluginsService     ] [zVEhyW1] loaded module [lang-painless]
[2018-04-15T17:32:19,896][INFO ][o.e.p.PluginsService     ] [zVEhyW1] loaded module [mapper-extras]
[2018-04-15T17:32:19,896][INFO ][o.e.p.PluginsService     ] [zVEhyW1] loaded module [parent-join]
[2018-04-15T17:32:19,896][INFO ][o.e.p.PluginsService     ] [zVEhyW1] loaded module [percolator]
[2018-04-15T17:32:19,896][INFO ][o.e.p.PluginsService     ] [zVEhyW1] loaded module [rank-eval]
[2018-04-15T17:32:19,896][INFO ][o.e.p.PluginsService     ] [zVEhyW1] loaded module [reindex]
[2018-04-15T17:32:19,896][INFO ][o.e.p.PluginsService     ] [zVEhyW1] loaded module [repository-url]
[2018-04-15T17:32:19,896][INFO ][o.e.p.PluginsService     ] [zVEhyW1] loaded module [transport-netty4]
[2018-04-15T17:32:19,896][INFO ][o.e.p.PluginsService     ] [zVEhyW1] loaded module [tribe]
[2018-04-15T17:32:19,897][INFO ][o.e.p.PluginsService     ] [zVEhyW1] loaded plugin [x-pack-core]
[2018-04-15T17:32:19,897][INFO ][o.e.p.PluginsService     ] [zVEhyW1] loaded plugin [x-pack-deprecation]
[2018-04-15T17:32:19,897][INFO ][o.e.p.PluginsService     ] [zVEhyW1] loaded plugin [x-pack-graph]
[2018-04-15T17:32:19,897][INFO ][o.e.p.PluginsService     ] [zVEhyW1] loaded plugin [x-pack-logstash]
[2018-04-15T17:32:19,897][INFO ][o.e.p.PluginsService     ] [zVEhyW1] loaded plugin [x-pack-ml]
[2018-04-15T17:32:19,897][INFO ][o.e.p.PluginsService     ] [zVEhyW1] loaded plugin [x-pack-monitoring]
[2018-04-15T17:32:19,897][INFO ][o.e.p.PluginsService     ] [zVEhyW1] loaded plugin [x-pack-security]
[2018-04-15T17:32:19,897][INFO ][o.e.p.PluginsService     ] [zVEhyW1] loaded plugin [x-pack-upgrade]
[2018-04-15T17:32:19,897][INFO ][o.e.p.PluginsService     ] [zVEhyW1] loaded plugin [x-pack-watcher]
[2018-04-15T17:32:21,871][INFO ][o.e.x.m.j.p.l.CppLogMessageHandler] [controller/24025] [Main.cc@128] controller (64 bit): Version 6.2.3 (Build e43a9a2b267ef4) Copyright (c) 2018 Elasticsearch BV
[2018-04-15T17:32:22,716][DEBUG][o.e.a.ActionModule       ] Using REST wrapper from plugin org.elasticsearch.xpack.security.Security
[2018-04-15T17:32:23,116][INFO ][o.e.d.DiscoveryModule    ] [zVEhyW1] using discovery type [zen]
[2018-04-15T17:32:23,678][INFO ][o.e.n.Node               ] initialized
[2018-04-15T17:32:23,678][INFO ][o.e.n.Node               ] [zVEhyW1] starting ...
[2018-04-15T17:32:23,811][INFO ][o.e.t.TransportService   ] [zVEhyW1] publish_address {127.0.0.1:9300}, bound_addresses {[::1]:9300}, {127.0.0.1:9300}
[2018-04-15T17:32:26,916][INFO ][o.e.c.s.MasterService    ] [zVEhyW1] zen-disco-elected-as-master ([0] nodes joined), reason: new_master {zVEhyW1}{zVEhyW1oRbOBEzrlT6he4A}{3dbFyBbcQpKIK4pKgC9uXQ}{127.0.0.1}{127.0.0.1:9300}{ml.machine_memory=17179869184, ml.max_open_jobs=20, ml.enabled=true}
[2018-04-15T17:32:26,919][INFO ][o.e.c.s.ClusterApplierService] [zVEhyW1] new_master {zVEhyW1}{zVEhyW1oRbOBEzrlT6he4A}{3dbFyBbcQpKIK4pKgC9uXQ}{127.0.0.1}{127.0.0.1:9300}{ml.machine_memory=17179869184, ml.max_open_jobs=20, ml.enabled=true}, reason: apply cluster state (from master [master {zVEhyW1}{zVEhyW1oRbOBEzrlT6he4A}{3dbFyBbcQpKIK4pKgC9uXQ}{127.0.0.1}{127.0.0.1:9300}{ml.machine_memory=17179869184, ml.max_open_jobs=20, ml.enabled=true} committed version [1] source [zen-disco-elected-as-master ([0] nodes joined)]])
[2018-04-15T17:32:26,934][INFO ][o.e.x.s.t.n.SecurityNetty4HttpServerTransport] [zVEhyW1] publish_address {127.0.0.1:9200}, bound_addresses {[::1]:9200}, {127.0.0.1:9200}
[2018-04-15T17:32:26,935][INFO ][o.e.n.Node               ] [zVEhyW1] started
[2018-04-15T17:32:27,629][INFO ][o.e.l.LicenseService     ] [zVEhyW1] license [92a7fc92-5e30-4bbe-9e43-299bfe91ef9b] mode [trial] - valid
[2018-04-15T17:32:27,636][INFO ][o.e.g.GatewayService     ] [zVEhyW1] recovered [23] indices into cluster_state
[2018-04-15T17:32:30,145][INFO ][o.e.c.r.a.AllocationService] [zVEhyW1] Cluster health status changed from [RED] to [YELLOW] (reason: [shards started [[.kibana][0], [.monitoring-es-6-2018.04.12][0]] ...]).
[2018-04-15T18:47:08,248][ERROR][o.e.x.w.t.s.ExecutableScriptTransform] [zVEhyW1] failed to execute [script] transform for [SdW2cJ4SSjWV71n_C0ErOA_elasticsearch_cluster_status_620f2175-d281-403a-9b9b-124316dcb608-2018-04-15T23:47:07.001Z]
org.elasticsearch.script.ScriptException: runtime error
	at org.elasticsearch.painless.PainlessScript.convertToScriptException(PainlessScript.java:101) ~[?:?]
	at org.elasticsearch.painless.PainlessScript$Script.execute(ctx.vars.email_recipient = (ctx.payload.kibana_settings.hits.total > 0) ? ctx.payload.kibana_settings.hits.hits[0]._source.kibana_settings.xpack.default_admin_email : null;ctx.vars.is_new = ctx.vars.fails_check && !ctx.vars.not_resolved;ctx.vars.is_resolve ...:1070) ~[?:?]
	at org.elasticsearch.painless.ScriptImpl.run(ScriptImpl.java:105) ~[?:?]
	at org.elasticsearch.xpack.watcher.transform.script.ExecutableScriptTransform.doExecute(ExecutableScriptTransform.java:69) ~[x-pack-watcher-6.2.3.jar:6.2.3]
	at org.elasticsearch.xpack.watcher.transform.script.ExecutableScriptTransform.execute(ExecutableScriptTransform.java:53) ~[x-pack-watcher-6.2.3.jar:6.2.3]
	at org.elasticsearch.xpack.watcher.transform.script.ExecutableScriptTransform.execute(ExecutableScriptTransform.java:38) ~[x-pack-watcher-6.2.3.jar:6.2.3]
	at org.elasticsearch.xpack.watcher.execution.ExecutionService.executeInner(ExecutionService.java:481) ~[x-pack-watcher-6.2.3.jar:6.2.3]
	at org.elasticsearch.xpack.watcher.execution.ExecutionService.execute(ExecutionService.java:322) ~[x-pack-watcher-6.2.3.jar:6.2.3]
	at org.elasticsearch.xpack.watcher.execution.ExecutionService.lambda$executeAsync$7(ExecutionService.java:426) ~[x-pack-watcher-6.2.3.jar:6.2.3]
	at org.elasticsearch.xpack.watcher.execution.ExecutionService$WatchExecutionTask.run(ExecutionService.java:580) [x-pack-watcher-6.2.3.jar:6.2.3]
	at org.elasticsearch.common.util.concurrent.ThreadContext$ContextPreservingRunnable.run(ThreadContext.java:573) [elasticsearch-6.2.3.jar:6.2.3]
	at java.util.concurrent.ThreadPoolExecutor.runWorker(ThreadPoolExecutor.java:1142) [?:1.8.0_101]
	at java.util.concurrent.ThreadPoolExecutor$Worker.run(ThreadPoolExecutor.java:617) [?:1.8.0_101]
	at java.lang.Thread.run(Thread.java:745) [?:1.8.0_101]
Caused by: java.lang.IndexOutOfBoundsException: Index: 0, Size: 0
	at java.util.ArrayList.rangeCheck(ArrayList.java:653) ~[?:1.8.0_101]
	at java.util.ArrayList.get(ArrayList.java:429) ~[?:1.8.0_101]
	at org.elasticsearch.painless.PainlessScript$Script.execute(ctx.vars.email_recipient = (ctx.payload.kibana_settings.hits.total > 0) ? ctx.payload.kibana_settings.hits.hits[0]._source.kibana_settings.xpack.default_admin_email : null;ctx.vars.is_new = ctx.vars.fails_check && !ctx.vars.not_resolved;ctx.vars.is_resolve ...:347) ~[?:?]
	... 12 more
[2018-04-15T18:47:08,310][INFO ][o.e.c.m.MetaDataMappingService] [zVEhyW1] [.watcher-history-7-2018.04.15/EBs3ZKg4Sk6937-WWLIaDw] update_mapping [doc]
[2018-04-15T19:00:00,544][INFO ][o.e.c.m.MetaDataCreateIndexService] [zVEhyW1] [.monitoring-kibana-6-2018.04.16] creating index, cause [auto(bulk api)], templates [.monitoring-kibana], shards [1]/[0], mappings [doc]
[2018-04-15T19:00:05,000][INFO ][o.e.c.m.MetaDataCreateIndexService] [zVEhyW1] [.monitoring-es-6-2018.04.16] creating index, cause [auto(bulk api)], templates [.monitoring-es], shards [1]/[0], mappings [doc]
[2018-04-15T19:00:12,247][INFO ][o.e.c.m.MetaDataCreateIndexService] [zVEhyW1] [.watcher-history-7-2018.04.16] creating index, cause [auto(bulk api)], templates [.watch-history-7], shards [1]/[0], mappings [doc]
[2018-04-15T19:00:12,298][INFO ][o.e.c.m.MetaDataMappingService] [zVEhyW1] [.watcher-history-7-2018.04.16/8_6PnGScRU6EoQvTeVx5aQ] update_mapping [doc]
[2018-04-15T19:00:12,308][INFO ][o.e.c.m.MetaDataMappingService] [zVEhyW1] [.watcher-history-7-2018.04.16/8_6PnGScRU6EoQvTeVx5aQ] update_mapping [doc]
[2018-04-15T19:00:12,352][INFO ][o.e.c.m.MetaDataMappingService] [zVEhyW1] [.watcher-history-7-2018.04.16/8_6PnGScRU6EoQvTeVx5aQ] update_mapping [doc]
[2018-04-15T19:08:56,616][INFO ][o.e.c.m.MetaDataCreateIndexService] [zVEhyW1] [.monitoring-logstash-6-2018.04.16] creating index, cause [auto(bulk api)], templates [.monitoring-logstash], shards [1]/[0], mappings [doc]
[2018-04-15T19:08:57,388][INFO ][o.e.c.m.MetaDataCreateIndexService] [zVEhyW1] [bulk_sleep_logs] creating index, cause [auto(bulk api)], templates [], shards [5]/[1], mappings []
[2018-04-15T19:08:57,540][INFO ][o.e.c.m.MetaDataMappingService] [zVEhyW1] [bulk_sleep_logs/jFW-KVfPRbqMgj4zXMZoYg] create_mapping [bulk_sleep_logs]
[2018-04-15T19:08:57,585][DEBUG][o.e.a.b.TransportShardBulkAction] [bulk_sleep_logs][1] failed to execute bulk item (index) BulkShardRequest [[bulk_sleep_logs][1]] containing [29] requests
org.elasticsearch.index.mapper.MapperParsingException: failed to parse [Date]
	at org.elasticsearch.index.mapper.FieldMapper.parse(FieldMapper.java:302) ~[elasticsearch-6.2.3.jar:6.2.3]
	at org.elasticsearch.index.mapper.DocumentParser.parseObjectOrField(DocumentParser.java:485) ~[elasticsearch-6.2.3.jar:6.2.3]
	at org.elasticsearch.index.mapper.DocumentParser.parseValue(DocumentParser.java:607) ~[elasticsearch-6.2.3.jar:6.2.3]
	at org.elasticsearch.index.mapper.DocumentParser.innerParseObject(DocumentParser.java:407) ~[elasticsearch-6.2.3.jar:6.2.3]
	at org.elasticsearch.index.mapper.DocumentParser.parseObjectOrNested(DocumentParser.java:384) ~[elasticsearch-6.2.3.jar:6.2.3]
	at org.elasticsearch.index.mapper.DocumentParser.internalParseDocument(DocumentParser.java:93) ~[elasticsearch-6.2.3.jar:6.2.3]
	at org.elasticsearch.index.mapper.DocumentParser.parseDocument(DocumentParser.java:67) ~[elasticsearch-6.2.3.jar:6.2.3]
	at org.elasticsearch.index.mapper.DocumentMapper.parse(DocumentMapper.java:261) ~[elasticsearch-6.2.3.jar:6.2.3]
	at org.elasticsearch.index.shard.IndexShard.prepareIndex(IndexShard.java:714) ~[elasticsearch-6.2.3.jar:6.2.3]
	at org.elasticsearch.index.shard.IndexShard.applyIndexOperation(IndexShard.java:692) ~[elasticsearch-6.2.3.jar:6.2.3]
	at org.elasticsearch.index.shard.IndexShard.applyIndexOperationOnPrimary(IndexShard.java:673) ~[elasticsearch-6.2.3.jar:6.2.3]
	at org.elasticsearch.action.bulk.TransportShardBulkAction.executeIndexRequestOnPrimary(TransportShardBulkAction.java:548) ~[elasticsearch-6.2.3.jar:6.2.3]
	at org.elasticsearch.action.bulk.TransportShardBulkAction.executeIndexRequest(TransportShardBulkAction.java:140) ~[elasticsearch-6.2.3.jar:6.2.3]
	at org.elasticsearch.action.bulk.TransportShardBulkAction.executeBulkItemRequest(TransportShardBulkAction.java:236) ~[elasticsearch-6.2.3.jar:6.2.3]
	at org.elasticsearch.action.bulk.TransportShardBulkAction.performOnPrimary(TransportShardBulkAction.java:123) ~[elasticsearch-6.2.3.jar:6.2.3]
	at org.elasticsearch.action.bulk.TransportShardBulkAction.shardOperationOnPrimary(TransportShardBulkAction.java:110) ~[elasticsearch-6.2.3.jar:6.2.3]
	at org.elasticsearch.action.bulk.TransportShardBulkAction.shardOperationOnPrimary(TransportShardBulkAction.java:72) ~[elasticsearch-6.2.3.jar:6.2.3]
	at org.elasticsearch.action.support.replication.TransportReplicationAction$PrimaryShardReference.perform(TransportReplicationAction.java:1034) ~[elasticsearch-6.2.3.jar:6.2.3]
	at org.elasticsearch.action.support.replication.TransportReplicationAction$PrimaryShardReference.perform(TransportReplicationAction.java:1012) ~[elasticsearch-6.2.3.jar:6.2.3]
	at org.elasticsearch.action.support.replication.ReplicationOperation.execute(ReplicationOperation.java:103) ~[elasticsearch-6.2.3.jar:6.2.3]
	at org.elasticsearch.action.support.replication.TransportReplicationAction$AsyncPrimaryAction.onResponse(TransportReplicationAction.java:359) ~[elasticsearch-6.2.3.jar:6.2.3]
	at org.elasticsearch.action.support.replication.TransportReplicationAction$AsyncPrimaryAction.onResponse(TransportReplicationAction.java:299) ~[elasticsearch-6.2.3.jar:6.2.3]
	at org.elasticsearch.action.support.replication.TransportReplicationAction$1.onResponse(TransportReplicationAction.java:975) ~[elasticsearch-6.2.3.jar:6.2.3]
	at org.elasticsearch.action.support.replication.TransportReplicationAction$1.onResponse(TransportReplicationAction.java:972) ~[elasticsearch-6.2.3.jar:6.2.3]
	at org.elasticsearch.index.shard.IndexShardOperationPermits.acquire(IndexShardOperationPermits.java:238) ~[elasticsearch-6.2.3.jar:6.2.3]
	at org.elasticsearch.index.shard.IndexShard.acquirePrimaryOperationPermit(IndexShard.java:2221) ~[elasticsearch-6.2.3.jar:6.2.3]
	at org.elasticsearch.action.support.replication.TransportReplicationAction.acquirePrimaryShardReference(TransportReplicationAction.java:984) ~[elasticsearch-6.2.3.jar:6.2.3]
	at org.elasticsearch.action.support.replication.TransportReplicationAction.access$500(TransportReplicationAction.java:98) ~[elasticsearch-6.2.3.jar:6.2.3]
	at org.elasticsearch.action.support.replication.TransportReplicationAction$AsyncPrimaryAction.doRun(TransportReplicationAction.java:320) ~[elasticsearch-6.2.3.jar:6.2.3]
	at org.elasticsearch.common.util.concurrent.AbstractRunnable.run(AbstractRunnable.java:37) ~[elasticsearch-6.2.3.jar:6.2.3]
	at org.elasticsearch.action.support.replication.TransportReplicationAction$PrimaryOperationTransportHandler.messageReceived(TransportReplicationAction.java:295) ~[elasticsearch-6.2.3.jar:6.2.3]
	at org.elasticsearch.action.support.replication.TransportReplicationAction$PrimaryOperationTransportHandler.messageReceived(TransportReplicationAction.java:282) ~[elasticsearch-6.2.3.jar:6.2.3]
	at org.elasticsearch.xpack.security.transport.SecurityServerTransportInterceptor$ProfileSecuredRequestHandler$1.doRun(SecurityServerTransportInterceptor.java:258) ~[?:?]
	at org.elasticsearch.common.util.concurrent.AbstractRunnable.run(AbstractRunnable.java:37) ~[elasticsearch-6.2.3.jar:6.2.3]
	at org.elasticsearch.common.util.concurrent.EsExecutors$1.execute(EsExecutors.java:135) ~[elasticsearch-6.2.3.jar:6.2.3]
	at org.elasticsearch.xpack.security.transport.SecurityServerTransportInterceptor$ProfileSecuredRequestHandler.lambda$messageReceived$0(SecurityServerTransportInterceptor.java:307) ~[?:?]
	at org.elasticsearch.action.ActionListener$1.onResponse(ActionListener.java:60) ~[elasticsearch-6.2.3.jar:6.2.3]
	at org.elasticsearch.xpack.security.transport.ServerTransportFilter$NodeProfile.lambda$inbound$2(ServerTransportFilter.java:166) ~[?:?]
	at org.elasticsearch.xpack.security.authz.AuthorizationUtils$AsyncAuthorizer.maybeRun(AuthorizationUtils.java:183) ~[?:?]
	at org.elasticsearch.xpack.security.authz.AuthorizationUtils$AsyncAuthorizer.setRunAsRoles(AuthorizationUtils.java:177) ~[?:?]
	at org.elasticsearch.xpack.security.authz.AuthorizationUtils$AsyncAuthorizer.authorize(AuthorizationUtils.java:165) ~[?:?]
	at org.elasticsearch.xpack.security.transport.ServerTransportFilter$NodeProfile.lambda$inbound$3(ServerTransportFilter.java:168) ~[?:?]
	at org.elasticsearch.action.ActionListener$1.onResponse(ActionListener.java:60) ~[elasticsearch-6.2.3.jar:6.2.3]
	at org.elasticsearch.xpack.security.authc.AuthenticationService$Authenticator.lambda$authenticateAsync$2(AuthenticationService.java:184) ~[x-pack-security-6.2.3.jar:6.2.3]
	at org.elasticsearch.xpack.security.authc.AuthenticationService$Authenticator.lambda$lookForExistingAuthentication$4(AuthenticationService.java:217) ~[x-pack-security-6.2.3.jar:6.2.3]
	at org.elasticsearch.xpack.security.authc.AuthenticationService$Authenticator.lookForExistingAuthentication(AuthenticationService.java:228) [x-pack-security-6.2.3.jar:6.2.3]
	at org.elasticsearch.xpack.security.authc.AuthenticationService$Authenticator.authenticateAsync(AuthenticationService.java:182) [x-pack-security-6.2.3.jar:6.2.3]
	at org.elasticsearch.xpack.security.authc.AuthenticationService$Authenticator.access$000(AuthenticationService.java:143) [x-pack-security-6.2.3.jar:6.2.3]
	at org.elasticsearch.xpack.security.authc.AuthenticationService.authenticate(AuthenticationService.java:113) [x-pack-security-6.2.3.jar:6.2.3]
	at org.elasticsearch.xpack.security.transport.ServerTransportFilter$NodeProfile.inbound(ServerTransportFilter.java:142) [x-pack-security-6.2.3.jar:6.2.3]
	at org.elasticsearch.xpack.security.transport.SecurityServerTransportInterceptor$ProfileSecuredRequestHandler.messageReceived(SecurityServerTransportInterceptor.java:314) [x-pack-security-6.2.3.jar:6.2.3]
	at org.elasticsearch.transport.RequestHandlerRegistry.processMessageReceived(RequestHandlerRegistry.java:66) [elasticsearch-6.2.3.jar:6.2.3]
	at org.elasticsearch.transport.TransportService$7.doRun(TransportService.java:656) [elasticsearch-6.2.3.jar:6.2.3]
	at org.elasticsearch.common.util.concurrent.ThreadContext$ContextPreservingAbstractRunnable.doRun(ThreadContext.java:672) [elasticsearch-6.2.3.jar:6.2.3]
	at org.elasticsearch.common.util.concurrent.AbstractRunnable.run(AbstractRunnable.java:37) [elasticsearch-6.2.3.jar:6.2.3]
	at java.util.concurrent.ThreadPoolExecutor.runWorker(ThreadPoolExecutor.java:1142) [?:1.8.0_101]
	at java.util.concurrent.ThreadPoolExecutor$Worker.run(ThreadPoolExecutor.java:617) [?:1.8.0_101]
	at java.lang.Thread.run(Thread.java:745) [?:1.8.0_101]
Caused by: java.lang.IllegalArgumentException: Invalid format: "31.06.2016" is malformed at ".06.2016"
	at org.joda.time.format.DateTimeParserBucket.doParseMillis(DateTimeParserBucket.java:187) ~[joda-time-2.9.9.jar:2.9.9]
	at org.joda.time.format.DateTimeFormatter.parseMillis(DateTimeFormatter.java:826) ~[joda-time-2.9.9.jar:2.9.9]
	at org.elasticsearch.index.mapper.DateFieldMapper$DateFieldType.parse(DateFieldMapper.java:248) ~[elasticsearch-6.2.3.jar:6.2.3]
	at org.elasticsearch.index.mapper.DateFieldMapper.parseCreateField(DateFieldMapper.java:456) ~[elasticsearch-6.2.3.jar:6.2.3]
	at org.elasticsearch.index.mapper.FieldMapper.parse(FieldMapper.java:297) ~[elasticsearch-6.2.3.jar:6.2.3]
	... 57 more
[2018-04-15T19:08:57,602][DEBUG][o.e.a.b.TransportShardBulkAction] [bulk_sleep_logs][2] failed to execute bulk item (index) BulkShardRequest [[bulk_sleep_logs][2]] containing [24] requests
org.elasticsearch.index.mapper.MapperParsingException: failed to parse [Date]
	at org.elasticsearch.index.mapper.FieldMapper.parse(FieldMapper.java:302) ~[elasticsearch-6.2.3.jar:6.2.3]
	at org.elasticsearch.index.mapper.DocumentParser.parseObjectOrField(DocumentParser.java:485) ~[elasticsearch-6.2.3.jar:6.2.3]
	at org.elasticsearch.index.mapper.DocumentParser.parseValue(DocumentParser.java:607) ~[elasticsearch-6.2.3.jar:6.2.3]
	at org.elasticsearch.index.mapper.DocumentParser.innerParseObject(DocumentParser.java:407) ~[elasticsearch-6.2.3.jar:6.2.3]
	at org.elasticsearch.index.mapper.DocumentParser.parseObjectOrNested(DocumentParser.java:384) ~[elasticsearch-6.2.3.jar:6.2.3]
	at org.elasticsearch.index.mapper.DocumentParser.internalParseDocument(DocumentParser.java:93) ~[elasticsearch-6.2.3.jar:6.2.3]
	at org.elasticsearch.index.mapper.DocumentParser.parseDocument(DocumentParser.java:67) ~[elasticsearch-6.2.3.jar:6.2.3]
	at org.elasticsearch.index.mapper.DocumentMapper.parse(DocumentMapper.java:261) ~[elasticsearch-6.2.3.jar:6.2.3]
	at org.elasticsearch.index.shard.IndexShard.prepareIndex(IndexShard.java:714) ~[elasticsearch-6.2.3.jar:6.2.3]
	at org.elasticsearch.index.shard.IndexShard.applyIndexOperation(IndexShard.java:692) ~[elasticsearch-6.2.3.jar:6.2.3]
	at org.elasticsearch.index.shard.IndexShard.applyIndexOperationOnPrimary(IndexShard.java:673) ~[elasticsearch-6.2.3.jar:6.2.3]
	at org.elasticsearch.action.bulk.TransportShardBulkAction.executeIndexRequestOnPrimary(TransportShardBulkAction.java:548) ~[elasticsearch-6.2.3.jar:6.2.3]
	at org.elasticsearch.action.bulk.TransportShardBulkAction.executeIndexRequest(TransportShardBulkAction.java:140) ~[elasticsearch-6.2.3.jar:6.2.3]
	at org.elasticsearch.action.bulk.TransportShardBulkAction.executeBulkItemRequest(TransportShardBulkAction.java:236) ~[elasticsearch-6.2.3.jar:6.2.3]
	at org.elasticsearch.action.bulk.TransportShardBulkAction.performOnPrimary(TransportShardBulkAction.java:123) ~[elasticsearch-6.2.3.jar:6.2.3]
	at org.elasticsearch.action.bulk.TransportShardBulkAction.shardOperationOnPrimary(TransportShardBulkAction.java:110) ~[elasticsearch-6.2.3.jar:6.2.3]
	at org.elasticsearch.action.bulk.TransportShardBulkAction.shardOperationOnPrimary(TransportShardBulkAction.java:72) ~[elasticsearch-6.2.3.jar:6.2.3]
	at org.elasticsearch.action.support.replication.TransportReplicationAction$PrimaryShardReference.perform(TransportReplicationAction.java:1034) ~[elasticsearch-6.2.3.jar:6.2.3]
	at org.elasticsearch.action.support.replication.TransportReplicationAction$PrimaryShardReference.perform(TransportReplicationAction.java:1012) ~[elasticsearch-6.2.3.jar:6.2.3]
	at org.elasticsearch.action.support.replication.ReplicationOperation.execute(ReplicationOperation.java:103) ~[elasticsearch-6.2.3.jar:6.2.3]
	at org.elasticsearch.action.support.replication.TransportReplicationAction$AsyncPrimaryAction.onResponse(TransportReplicationAction.java:359) ~[elasticsearch-6.2.3.jar:6.2.3]
	at org.elasticsearch.action.support.replication.TransportReplicationAction$AsyncPrimaryAction.onResponse(TransportReplicationAction.java:299) ~[elasticsearch-6.2.3.jar:6.2.3]
	at org.elasticsearch.action.support.replication.TransportReplicationAction$1.onResponse(TransportReplicationAction.java:975) ~[elasticsearch-6.2.3.jar:6.2.3]
	at org.elasticsearch.action.support.replication.TransportReplicationAction$1.onResponse(TransportReplicationAction.java:972) ~[elasticsearch-6.2.3.jar:6.2.3]
	at org.elasticsearch.index.shard.IndexShardOperationPermits.acquire(IndexShardOperationPermits.java:238) ~[elasticsearch-6.2.3.jar:6.2.3]
	at org.elasticsearch.index.shard.IndexShard.acquirePrimaryOperationPermit(IndexShard.java:2221) ~[elasticsearch-6.2.3.jar:6.2.3]
	at org.elasticsearch.action.support.replication.TransportReplicationAction.acquirePrimaryShardReference(TransportReplicationAction.java:984) ~[elasticsearch-6.2.3.jar:6.2.3]
	at org.elasticsearch.action.support.replication.TransportReplicationAction.access$500(TransportReplicationAction.java:98) ~[elasticsearch-6.2.3.jar:6.2.3]
	at org.elasticsearch.action.support.replication.TransportReplicationAction$AsyncPrimaryAction.doRun(TransportReplicationAction.java:320) ~[elasticsearch-6.2.3.jar:6.2.3]
	at org.elasticsearch.common.util.concurrent.AbstractRunnable.run(AbstractRunnable.java:37) ~[elasticsearch-6.2.3.jar:6.2.3]
	at org.elasticsearch.action.support.replication.TransportReplicationAction$PrimaryOperationTransportHandler.messageReceived(TransportReplicationAction.java:295) ~[elasticsearch-6.2.3.jar:6.2.3]
	at org.elasticsearch.action.support.replication.TransportReplicationAction$PrimaryOperationTransportHandler.messageReceived(TransportReplicationAction.java:282) ~[elasticsearch-6.2.3.jar:6.2.3]
	at org.elasticsearch.xpack.security.transport.SecurityServerTransportInterceptor$ProfileSecuredRequestHandler$1.doRun(SecurityServerTransportInterceptor.java:258) ~[?:?]
	at org.elasticsearch.common.util.concurrent.AbstractRunnable.run(AbstractRunnable.java:37) ~[elasticsearch-6.2.3.jar:6.2.3]
	at org.elasticsearch.common.util.concurrent.EsExecutors$1.execute(EsExecutors.java:135) ~[elasticsearch-6.2.3.jar:6.2.3]
	at org.elasticsearch.xpack.security.transport.SecurityServerTransportInterceptor$ProfileSecuredRequestHandler.lambda$messageReceived$0(SecurityServerTransportInterceptor.java:307) ~[?:?]
	at org.elasticsearch.action.ActionListener$1.onResponse(ActionListener.java:60) ~[elasticsearch-6.2.3.jar:6.2.3]
	at org.elasticsearch.xpack.security.transport.ServerTransportFilter$NodeProfile.lambda$inbound$2(ServerTransportFilter.java:166) ~[?:?]
	at org.elasticsearch.xpack.security.authz.AuthorizationUtils$AsyncAuthorizer.maybeRun(AuthorizationUtils.java:183) ~[?:?]
	at org.elasticsearch.xpack.security.authz.AuthorizationUtils$AsyncAuthorizer.setRunAsRoles(AuthorizationUtils.java:177) ~[?:?]
	at org.elasticsearch.xpack.security.authz.AuthorizationUtils$AsyncAuthorizer.authorize(AuthorizationUtils.java:165) ~[?:?]
	at org.elasticsearch.xpack.security.transport.ServerTransportFilter$NodeProfile.lambda$inbound$3(ServerTransportFilter.java:168) ~[?:?]
	at org.elasticsearch.action.ActionListener$1.onResponse(ActionListener.java:60) ~[elasticsearch-6.2.3.jar:6.2.3]
	at org.elasticsearch.xpack.security.authc.AuthenticationService$Authenticator.lambda$authenticateAsync$2(AuthenticationService.java:184) ~[x-pack-security-6.2.3.jar:6.2.3]
	at org.elasticsearch.xpack.security.authc.AuthenticationService$Authenticator.lambda$lookForExistingAuthentication$4(AuthenticationService.java:217) ~[x-pack-security-6.2.3.jar:6.2.3]
	at org.elasticsearch.xpack.security.authc.AuthenticationService$Authenticator.lookForExistingAuthentication(AuthenticationService.java:228) [x-pack-security-6.2.3.jar:6.2.3]
	at org.elasticsearch.xpack.security.authc.AuthenticationService$Authenticator.authenticateAsync(AuthenticationService.java:182) [x-pack-security-6.2.3.jar:6.2.3]
	at org.elasticsearch.xpack.security.authc.AuthenticationService$Authenticator.access$000(AuthenticationService.java:143) [x-pack-security-6.2.3.jar:6.2.3]
	at org.elasticsearch.xpack.security.authc.AuthenticationService.authenticate(AuthenticationService.java:113) [x-pack-security-6.2.3.jar:6.2.3]
	at org.elasticsearch.xpack.security.transport.ServerTransportFilter$NodeProfile.inbound(ServerTransportFilter.java:142) [x-pack-security-6.2.3.jar:6.2.3]
	at org.elasticsearch.xpack.security.transport.SecurityServerTransportInterceptor$ProfileSecuredRequestHandler.messageReceived(SecurityServerTransportInterceptor.java:314) [x-pack-security-6.2.3.jar:6.2.3]
	at org.elasticsearch.transport.RequestHandlerRegistry.processMessageReceived(RequestHandlerRegistry.java:66) [elasticsearch-6.2.3.jar:6.2.3]
	at org.elasticsearch.transport.TransportService$7.doRun(TransportService.java:656) [elasticsearch-6.2.3.jar:6.2.3]
	at org.elasticsearch.common.util.concurrent.ThreadContext$ContextPreservingAbstractRunnable.doRun(ThreadContext.java:672) [elasticsearch-6.2.3.jar:6.2.3]
	at org.elasticsearch.common.util.concurrent.AbstractRunnable.run(AbstractRunnable.java:37) [elasticsearch-6.2.3.jar:6.2.3]
	at java.util.concurrent.ThreadPoolExecutor.runWorker(ThreadPoolExecutor.java:1142) [?:1.8.0_101]
	at java.util.concurrent.ThreadPoolExecutor$Worker.run(ThreadPoolExecutor.java:617) [?:1.8.0_101]
	at java.lang.Thread.run(Thread.java:745) [?:1.8.0_101]
Caused by: java.lang.IllegalArgumentException: Invalid format: "31.06.2015" is malformed at ".06.2015"
	at org.joda.time.format.DateTimeParserBucket.doParseMillis(DateTimeParserBucket.java:187) ~[joda-time-2.9.9.jar:2.9.9]
	at org.joda.time.format.DateTimeFormatter.parseMillis(DateTimeFormatter.java:826) ~[joda-time-2.9.9.jar:2.9.9]
	at org.elasticsearch.index.mapper.DateFieldMapper$DateFieldType.parse(DateFieldMapper.java:248) ~[elasticsearch-6.2.3.jar:6.2.3]
	at org.elasticsearch.index.mapper.DateFieldMapper.parseCreateField(DateFieldMapper.java:456) ~[elasticsearch-6.2.3.jar:6.2.3]
	at org.elasticsearch.index.mapper.FieldMapper.parse(FieldMapper.java:297) ~[elasticsearch-6.2.3.jar:6.2.3]
	... 57 more
[2018-04-15T19:08:57,601][DEBUG][o.e.a.b.TransportShardBulkAction] [bulk_sleep_logs][3] failed to execute bulk item (index) BulkShardRequest [[bulk_sleep_logs][3]] containing [26] requests
org.elasticsearch.index.mapper.MapperParsingException: failed to parse [Date]
	at org.elasticsearch.index.mapper.FieldMapper.parse(FieldMapper.java:302) ~[elasticsearch-6.2.3.jar:6.2.3]
	at org.elasticsearch.index.mapper.DocumentParser.parseObjectOrField(DocumentParser.java:485) ~[elasticsearch-6.2.3.jar:6.2.3]
	at org.elasticsearch.index.mapper.DocumentParser.parseValue(DocumentParser.java:607) ~[elasticsearch-6.2.3.jar:6.2.3]
	at org.elasticsearch.index.mapper.DocumentParser.innerParseObject(DocumentParser.java:407) ~[elasticsearch-6.2.3.jar:6.2.3]
	at org.elasticsearch.index.mapper.DocumentParser.parseObjectOrNested(DocumentParser.java:384) ~[elasticsearch-6.2.3.jar:6.2.3]
	at org.elasticsearch.index.mapper.DocumentParser.internalParseDocument(DocumentParser.java:93) ~[elasticsearch-6.2.3.jar:6.2.3]
	at org.elasticsearch.index.mapper.DocumentParser.parseDocument(DocumentParser.java:67) ~[elasticsearch-6.2.3.jar:6.2.3]
	at org.elasticsearch.index.mapper.DocumentMapper.parse(DocumentMapper.java:261) ~[elasticsearch-6.2.3.jar:6.2.3]
	at org.elasticsearch.index.shard.IndexShard.prepareIndex(IndexShard.java:714) ~[elasticsearch-6.2.3.jar:6.2.3]
	at org.elasticsearch.index.shard.IndexShard.applyIndexOperation(IndexShard.java:692) ~[elasticsearch-6.2.3.jar:6.2.3]
	at org.elasticsearch.index.shard.IndexShard.applyIndexOperationOnPrimary(IndexShard.java:673) ~[elasticsearch-6.2.3.jar:6.2.3]
	at org.elasticsearch.action.bulk.TransportShardBulkAction.executeIndexRequestOnPrimary(TransportShardBulkAction.java:548) ~[elasticsearch-6.2.3.jar:6.2.3]
	at org.elasticsearch.action.bulk.TransportShardBulkAction.executeIndexRequest(TransportShardBulkAction.java:140) ~[elasticsearch-6.2.3.jar:6.2.3]
	at org.elasticsearch.action.bulk.TransportShardBulkAction.executeBulkItemRequest(TransportShardBulkAction.java:236) ~[elasticsearch-6.2.3.jar:6.2.3]
	at org.elasticsearch.action.bulk.TransportShardBulkAction.performOnPrimary(TransportShardBulkAction.java:123) ~[elasticsearch-6.2.3.jar:6.2.3]
	at org.elasticsearch.action.bulk.TransportShardBulkAction.shardOperationOnPrimary(TransportShardBulkAction.java:110) ~[elasticsearch-6.2.3.jar:6.2.3]
	at org.elasticsearch.action.bulk.TransportShardBulkAction.shardOperationOnPrimary(TransportShardBulkAction.java:72) ~[elasticsearch-6.2.3.jar:6.2.3]
	at org.elasticsearch.action.support.replication.TransportReplicationAction$PrimaryShardReference.perform(TransportReplicationAction.java:1034) ~[elasticsearch-6.2.3.jar:6.2.3]
	at org.elasticsearch.action.support.replication.TransportReplicationAction$PrimaryShardReference.perform(TransportReplicationAction.java:1012) ~[elasticsearch-6.2.3.jar:6.2.3]
	at org.elasticsearch.action.support.replication.ReplicationOperation.execute(ReplicationOperation.java:103) ~[elasticsearch-6.2.3.jar:6.2.3]
	at org.elasticsearch.action.support.replication.TransportReplicationAction$AsyncPrimaryAction.onResponse(TransportReplicationAction.java:359) ~[elasticsearch-6.2.3.jar:6.2.3]
	at org.elasticsearch.action.support.replication.TransportReplicationAction$AsyncPrimaryAction.onResponse(TransportReplicationAction.java:299) ~[elasticsearch-6.2.3.jar:6.2.3]
	at org.elasticsearch.action.support.replication.TransportReplicationAction$1.onResponse(TransportReplicationAction.java:975) ~[elasticsearch-6.2.3.jar:6.2.3]
	at org.elasticsearch.action.support.replication.TransportReplicationAction$1.onResponse(TransportReplicationAction.java:972) ~[elasticsearch-6.2.3.jar:6.2.3]
	at org.elasticsearch.index.shard.IndexShardOperationPermits.acquire(IndexShardOperationPermits.java:238) ~[elasticsearch-6.2.3.jar:6.2.3]
	at org.elasticsearch.index.shard.IndexShard.acquirePrimaryOperationPermit(IndexShard.java:2221) ~[elasticsearch-6.2.3.jar:6.2.3]
	at org.elasticsearch.action.support.replication.TransportReplicationAction.acquirePrimaryShardReference(TransportReplicationAction.java:984) ~[elasticsearch-6.2.3.jar:6.2.3]
	at org.elasticsearch.action.support.replication.TransportReplicationAction.access$500(TransportReplicationAction.java:98) ~[elasticsearch-6.2.3.jar:6.2.3]
	at org.elasticsearch.action.support.replication.TransportReplicationAction$AsyncPrimaryAction.doRun(TransportReplicationAction.java:320) ~[elasticsearch-6.2.3.jar:6.2.3]
	at org.elasticsearch.common.util.concurrent.AbstractRunnable.run(AbstractRunnable.java:37) ~[elasticsearch-6.2.3.jar:6.2.3]
	at org.elasticsearch.action.support.replication.TransportReplicationAction$PrimaryOperationTransportHandler.messageReceived(TransportReplicationAction.java:295) ~[elasticsearch-6.2.3.jar:6.2.3]
	at org.elasticsearch.action.support.replication.TransportReplicationAction$PrimaryOperationTransportHandler.messageReceived(TransportReplicationAction.java:282) ~[elasticsearch-6.2.3.jar:6.2.3]
	at org.elasticsearch.xpack.security.transport.SecurityServerTransportInterceptor$ProfileSecuredRequestHandler$1.doRun(SecurityServerTransportInterceptor.java:258) ~[?:?]
	at org.elasticsearch.common.util.concurrent.AbstractRunnable.run(AbstractRunnable.java:37) ~[elasticsearch-6.2.3.jar:6.2.3]
	at org.elasticsearch.common.util.concurrent.EsExecutors$1.execute(EsExecutors.java:135) ~[elasticsearch-6.2.3.jar:6.2.3]
	at org.elasticsearch.xpack.security.transport.SecurityServerTransportInterceptor$ProfileSecuredRequestHandler.lambda$messageReceived$0(SecurityServerTransportInterceptor.java:307) ~[?:?]
	at org.elasticsearch.action.ActionListener$1.onResponse(ActionListener.java:60) ~[elasticsearch-6.2.3.jar:6.2.3]
	at org.elasticsearch.xpack.security.transport.ServerTransportFilter$NodeProfile.lambda$inbound$2(ServerTransportFilter.java:166) ~[?:?]
	at org.elasticsearch.xpack.security.authz.AuthorizationUtils$AsyncAuthorizer.maybeRun(AuthorizationUtils.java:183) ~[?:?]
	at org.elasticsearch.xpack.security.authz.AuthorizationUtils$AsyncAuthorizer.setRunAsRoles(AuthorizationUtils.java:177) ~[?:?]
	at org.elasticsearch.xpack.security.authz.AuthorizationUtils$AsyncAuthorizer.authorize(AuthorizationUtils.java:165) ~[?:?]
	at org.elasticsearch.xpack.security.transport.ServerTransportFilter$NodeProfile.lambda$inbound$3(ServerTransportFilter.java:168) ~[?:?]
	at org.elasticsearch.action.ActionListener$1.onResponse(ActionListener.java:60) ~[elasticsearch-6.2.3.jar:6.2.3]
	at org.elasticsearch.xpack.security.authc.AuthenticationService$Authenticator.lambda$authenticateAsync$2(AuthenticationService.java:184) ~[x-pack-security-6.2.3.jar:6.2.3]
	at org.elasticsearch.xpack.security.authc.AuthenticationService$Authenticator.lambda$lookForExistingAuthentication$4(AuthenticationService.java:217) ~[x-pack-security-6.2.3.jar:6.2.3]
	at org.elasticsearch.xpack.security.authc.AuthenticationService$Authenticator.lookForExistingAuthentication(AuthenticationService.java:228) [x-pack-security-6.2.3.jar:6.2.3]
	at org.elasticsearch.xpack.security.authc.AuthenticationService$Authenticator.authenticateAsync(AuthenticationService.java:182) [x-pack-security-6.2.3.jar:6.2.3]
	at org.elasticsearch.xpack.security.authc.AuthenticationService$Authenticator.access$000(AuthenticationService.java:143) [x-pack-security-6.2.3.jar:6.2.3]
	at org.elasticsearch.xpack.security.authc.AuthenticationService.authenticate(AuthenticationService.java:113) [x-pack-security-6.2.3.jar:6.2.3]
	at org.elasticsearch.xpack.security.transport.ServerTransportFilter$NodeProfile.inbound(ServerTransportFilter.java:142) [x-pack-security-6.2.3.jar:6.2.3]
	at org.elasticsearch.xpack.security.transport.SecurityServerTransportInterceptor$ProfileSecuredRequestHandler.messageReceived(SecurityServerTransportInterceptor.java:314) [x-pack-security-6.2.3.jar:6.2.3]
	at org.elasticsearch.transport.RequestHandlerRegistry.processMessageReceived(RequestHandlerRegistry.java:66) [elasticsearch-6.2.3.jar:6.2.3]
	at org.elasticsearch.transport.TransportService$7.doRun(TransportService.java:656) [elasticsearch-6.2.3.jar:6.2.3]
	at org.elasticsearch.common.util.concurrent.ThreadContext$ContextPreservingAbstractRunnable.doRun(ThreadContext.java:672) [elasticsearch-6.2.3.jar:6.2.3]
	at org.elasticsearch.common.util.concurrent.AbstractRunnable.run(AbstractRunnable.java:37) [elasticsearch-6.2.3.jar:6.2.3]
	at java.util.concurrent.ThreadPoolExecutor.runWorker(ThreadPoolExecutor.java:1142) [?:1.8.0_101]
	at java.util.concurrent.ThreadPoolExecutor$Worker.run(ThreadPoolExecutor.java:617) [?:1.8.0_101]
	at java.lang.Thread.run(Thread.java:745) [?:1.8.0_101]
Caused by: java.lang.IllegalArgumentException: Invalid format: "Date"
	at org.joda.time.format.DateTimeParserBucket.doParseMillis(DateTimeParserBucket.java:187) ~[joda-time-2.9.9.jar:2.9.9]
	at org.joda.time.format.DateTimeFormatter.parseMillis(DateTimeFormatter.java:826) ~[joda-time-2.9.9.jar:2.9.9]
	at org.elasticsearch.index.mapper.DateFieldMapper$DateFieldType.parse(DateFieldMapper.java:248) ~[elasticsearch-6.2.3.jar:6.2.3]
	at org.elasticsearch.index.mapper.DateFieldMapper.parseCreateField(DateFieldMapper.java:456) ~[elasticsearch-6.2.3.jar:6.2.3]
	at org.elasticsearch.index.mapper.FieldMapper.parse(FieldMapper.java:297) ~[elasticsearch-6.2.3.jar:6.2.3]
	... 57 more
[2018-04-15T19:12:47,552][INFO ][o.e.x.c.m.j.p.JobStorageDeletionTask] Running DBQ on [.ml-anomalies-shared,.ml-anomalies-shared-*] for job [future_sleep_pattern]
[2018-04-15T19:12:47,619][INFO ][o.e.x.m.j.JobManager     ] [zVEhyW1] Job [future_sleep_pattern] deleted
[2018-04-15T19:12:54,775][INFO ][o.e.x.c.m.j.p.JobStorageDeletionTask] Running DBQ on [.ml-anomalies-shared,.ml-anomalies-shared-*] for job [future_sleep_pattern_multi_metric]
[2018-04-15T19:12:54,812][INFO ][o.e.x.m.j.JobManager     ] [zVEhyW1] Job [future_sleep_pattern_multi_metric] deleted
[2018-04-15T19:13:03,615][INFO ][o.e.c.m.MetaDataDeleteIndexService] [zVEhyW1] [sleeplogs/9mu0MVGmRiisUnPurqhTTQ] deleting index
[2018-04-15T19:41:17,516][INFO ][o.e.x.m.j.p.NativeController] Native controller process has stopped - no new native processes can be started
[2018-04-15T19:41:17,515][INFO ][o.e.n.Node               ] [zVEhyW1] stopping ...
[2018-04-15T19:41:17,527][INFO ][o.e.x.w.WatcherService   ] [zVEhyW1] stopping watch service, reason [shutdown initiated]
[2018-04-15T19:41:17,857][INFO ][o.e.n.Node               ] [zVEhyW1] stopped
[2018-04-15T19:41:17,857][INFO ][o.e.n.Node               ] [zVEhyW1] closing ...
[2018-04-15T19:41:17,875][INFO ][o.e.n.Node               ] [zVEhyW1] closed
